{"R:\\Dropbox\\_Code\\Projects\\bearing\\bearing-app\\src\\components\\admin\\FulfillmentQueue.tsx": {"path":"R:\\Dropbox\\_Code\\Projects\\bearing\\bearing-app\\src\\components\\admin\\FulfillmentQueue.tsx","statementMap":{"0":{"start":{"line":19,"column":24},"end":{"line":19,"column":41}},"1":{"start":{"line":3,"column":44},"end":{"line":3,"column":null}},"2":{"start":{"line":4,"column":45},"end":{"line":4,"column":null}},"3":{"start":{"line":25,"column":2},"end":{"line":32,"column":null}},"4":{"start":{"line":34,"column":2},"end":{"line":58,"column":null}},"5":{"start":{"line":84,"column":12},"end":{"line":84,"column":33}},"6":{"start":{"line":116,"column":35},"end":{"line":116,"column":null}},"7":{"start":{"line":122,"column":35},"end":{"line":122,"column":null}}},"fnMap":{"0":{"name":"FulfillmentQueue","decl":{"start":{"line":19,"column":24},"end":{"line":19,"column":41}},"loc":{"start":{"line":24,"column":24},"end":{"line":135,"column":null}}},"1":{"name":"(anonymous_2)","decl":{"start":{"line":83,"column":24},"end":{"line":83,"column":25}},"loc":{"start":{"line":84,"column":12},"end":{"line":84,"column":33}}},"2":{"name":"(anonymous_3)","decl":{"start":{"line":116,"column":29},"end":{"line":116,"column":35}},"loc":{"start":{"line":116,"column":35},"end":{"line":116,"column":null}}},"3":{"name":"(anonymous_4)","decl":{"start":{"line":122,"column":29},"end":{"line":122,"column":35}},"loc":{"start":{"line":122,"column":35},"end":{"line":122,"column":null}}}},"branchMap":{"0":{"loc":{"start":{"line":23,"column":2},"end":{"line":23,"column":19}},"type":"default-arg","locations":[{"start":{"line":23,"column":14},"end":{"line":23,"column":19}}]},"1":{"loc":{"start":{"line":25,"column":2},"end":{"line":32,"column":null}},"type":"if","locations":[{"start":{"line":25,"column":2},"end":{"line":32,"column":null}},{"start":{},"end":{}}]},"2":{"loc":{"start":{"line":34,"column":2},"end":{"line":58,"column":null}},"type":"if","locations":[{"start":{"line":34,"column":2},"end":{"line":58,"column":null}},{"start":{},"end":{}}]},"3":{"loc":{"start":{"line":88,"column":21},"end":{"line":88,"column":null}},"type":"binary-expr","locations":[{"start":{"line":88,"column":21},"end":{"line":88,"column":46}},{"start":{"line":88,"column":50},"end":{"line":88,"column":null}}]}},"s":{"0":6,"1":1,"2":1,"3":6,"4":5,"5":8,"6":1,"7":1},"f":{"0":6,"1":8,"2":1,"3":1},"b":{"0":[5],"1":[1,5],"2":[1,4],"3":[8,0]}}
,"R:\\Dropbox\\_Code\\Projects\\bearing\\bearing-app\\src\\components\\admin\\ISBNAssignmentModal.tsx": {"path":"R:\\Dropbox\\_Code\\Projects\\bearing\\bearing-app\\src\\components\\admin\\ISBNAssignmentModal.tsx","statementMap":{"0":{"start":{"line":14,"column":24},"end":{"line":14,"column":44}},"1":{"start":{"line":3,"column":25},"end":{"line":3,"column":null}},"2":{"start":{"line":21,"column":26},"end":{"line":21,"column":null}},"3":{"start":{"line":22,"column":42},"end":{"line":22,"column":null}},"4":{"start":{"line":23,"column":28},"end":{"line":23,"column":null}},"5":{"start":{"line":24,"column":44},"end":{"line":24,"column":null}},"6":{"start":{"line":26,"column":2},"end":{"line":26,"column":null}},"7":{"start":{"line":26,"column":27},"end":{"line":26,"column":null}},"8":{"start":{"line":28,"column":23},"end":{"line":33,"column":null}},"9":{"start":{"line":30,"column":22},"end":{"line":30,"column":null}},"10":{"start":{"line":32,"column":4},"end":{"line":32,"column":null}},"11":{"start":{"line":35,"column":23},"end":{"line":73,"column":null}},"12":{"start":{"line":36,"column":4},"end":{"line":36,"column":null}},"13":{"start":{"line":37,"column":4},"end":{"line":37,"column":null}},"14":{"start":{"line":40,"column":4},"end":{"line":43,"column":null}},"15":{"start":{"line":41,"column":6},"end":{"line":41,"column":null}},"16":{"start":{"line":42,"column":6},"end":{"line":42,"column":null}},"17":{"start":{"line":45,"column":4},"end":{"line":45,"column":null}},"18":{"start":{"line":47,"column":4},"end":{"line":72,"column":null}},"19":{"start":{"line":48,"column":23},"end":{"line":58,"column":null}},"20":{"start":{"line":60,"column":19},"end":{"line":60,"column":null}},"21":{"start":{"line":62,"column":6},"end":{"line":64,"column":null}},"22":{"start":{"line":63,"column":8},"end":{"line":63,"column":null}},"23":{"start":{"line":66,"column":6},"end":{"line":66,"column":null}},"24":{"start":{"line":67,"column":6},"end":{"line":67,"column":null}},"25":{"start":{"line":69,"column":6},"end":{"line":69,"column":null}},"26":{"start":{"line":71,"column":6},"end":{"line":71,"column":null}},"27":{"start":{"line":75,"column":27},"end":{"line":106,"column":null}},"28":{"start":{"line":76,"column":4},"end":{"line":76,"column":null}},"29":{"start":{"line":77,"column":4},"end":{"line":77,"column":null}},"30":{"start":{"line":78,"column":4},"end":{"line":78,"column":null}},"31":{"start":{"line":80,"column":4},"end":{"line":105,"column":null}},"32":{"start":{"line":81,"column":23},"end":{"line":90,"column":null}},"33":{"start":{"line":92,"column":19},"end":{"line":92,"column":null}},"34":{"start":{"line":94,"column":6},"end":{"line":96,"column":null}},"35":{"start":{"line":95,"column":8},"end":{"line":95,"column":null}},"36":{"start":{"line":98,"column":6},"end":{"line":98,"column":null}},"37":{"start":{"line":99,"column":6},"end":{"line":99,"column":null}},"38":{"start":{"line":101,"column":6},"end":{"line":101,"column":null}},"39":{"start":{"line":103,"column":6},"end":{"line":103,"column":null}},"40":{"start":{"line":104,"column":6},"end":{"line":104,"column":null}},"41":{"start":{"line":108,"column":22},"end":{"line":113,"column":null}},"42":{"start":{"line":109,"column":4},"end":{"line":109,"column":null}},"43":{"start":{"line":110,"column":4},"end":{"line":110,"column":null}},"44":{"start":{"line":111,"column":4},"end":{"line":111,"column":null}},"45":{"start":{"line":112,"column":4},"end":{"line":112,"column":null}},"46":{"start":{"line":204,"column":33},"end":{"line":204,"column":null}}},"fnMap":{"0":{"name":"ISBNAssignmentModal","decl":{"start":{"line":14,"column":24},"end":{"line":14,"column":44}},"loc":{"start":{"line":20,"column":27},"end":{"line":242,"column":null}}},"1":{"name":"(anonymous_2)","decl":{"start":{"line":28,"column":23},"end":{"line":28,"column":24}},"loc":{"start":{"line":28,"column":24},"end":{"line":33,"column":null}}},"2":{"name":"(anonymous_3)","decl":{"start":{"line":35,"column":23},"end":{"line":35,"column":30}},"loc":{"start":{"line":35,"column":30},"end":{"line":73,"column":null}}},"3":{"name":"(anonymous_4)","decl":{"start":{"line":75,"column":27},"end":{"line":75,"column":null}},"loc":{"start":{"line":75,"column":27},"end":{"line":106,"column":null}}},"4":{"name":"(anonymous_5)","decl":{"start":{"line":108,"column":22},"end":{"line":108,"column":null}},"loc":{"start":{"line":108,"column":22},"end":{"line":113,"column":null}}},"5":{"name":"(anonymous_6)","decl":{"start":{"line":204,"column":26},"end":{"line":204,"column":27}},"loc":{"start":{"line":204,"column":33},"end":{"line":204,"column":null}}}},"branchMap":{"0":{"loc":{"start":{"line":19,"column":2},"end":{"line":19,"column":24}},"type":"default-arg","locations":[{"start":{"line":19,"column":23},"end":{"line":19,"column":24}}]},"1":{"loc":{"start":{"line":26,"column":2},"end":{"line":26,"column":null}},"type":"if","locations":[{"start":{"line":26,"column":2},"end":{"line":26,"column":null}},{"start":{},"end":{}}]},"2":{"loc":{"start":{"line":26,"column":6},"end":{"line":26,"column":27}},"type":"binary-expr","locations":[{"start":{"line":26,"column":6},"end":{"line":26,"column":17}},{"start":{"line":26,"column":17},"end":{"line":26,"column":27}}]},"3":{"loc":{"start":{"line":40,"column":4},"end":{"line":43,"column":null}},"type":"if","locations":[{"start":{"line":40,"column":4},"end":{"line":43,"column":null}},{"start":{},"end":{}}]},"4":{"loc":{"start":{"line":40,"column":8},"end":{"line":40,"column":47}},"type":"binary-expr","locations":[{"start":{"line":40,"column":8},"end":{"line":40,"column":26}},{"start":{"line":40,"column":26},"end":{"line":40,"column":47}}]},"5":{"loc":{"start":{"line":55,"column":16},"end":{"line":55,"column":null}},"type":"cond-expr","locations":[{"start":{"line":55,"column":32},"end":{"line":55,"column":39}},{"start":{"line":55,"column":39},"end":{"line":55,"column":null}}]},"6":{"loc":{"start":{"line":62,"column":6},"end":{"line":64,"column":null}},"type":"if","locations":[{"start":{"line":62,"column":6},"end":{"line":64,"column":null}},{"start":{},"end":{}}]},"7":{"loc":{"start":{"line":63,"column":24},"end":{"line":63,"column":null}},"type":"binary-expr","locations":[{"start":{"line":63,"column":24},"end":{"line":63,"column":34}},{"start":{"line":63,"column":38},"end":{"line":63,"column":null}}]},"8":{"loc":{"start":{"line":69,"column":15},"end":{"line":69,"column":null}},"type":"cond-expr","locations":[{"start":{"line":69,"column":38},"end":{"line":69,"column":49}},{"start":{"line":69,"column":52},"end":{"line":69,"column":null}}]},"9":{"loc":{"start":{"line":94,"column":6},"end":{"line":96,"column":null}},"type":"if","locations":[{"start":{"line":94,"column":6},"end":{"line":96,"column":null}},{"start":{},"end":{}}]},"10":{"loc":{"start":{"line":95,"column":24},"end":{"line":95,"column":null}},"type":"binary-expr","locations":[{"start":{"line":95,"column":24},"end":{"line":95,"column":34}},{"start":{"line":95,"column":38},"end":{"line":95,"column":null}}]},"11":{"loc":{"start":{"line":101,"column":15},"end":{"line":101,"column":null}},"type":"cond-expr","locations":[{"start":{"line":101,"column":38},"end":{"line":101,"column":49}},{"start":{"line":101,"column":52},"end":{"line":101,"column":null}}]},"12":{"loc":{"start":{"line":167,"column":21},"end":{"line":169,"column":null}},"type":"cond-expr","locations":[{"start":{"line":168,"column":24},"end":{"line":168,"column":65}},{"start":{"line":169,"column":24},"end":{"line":169,"column":null}}]},"13":{"loc":{"start":{"line":175,"column":28},"end":{"line":175,"column":null}},"type":"binary-expr","locations":[{"start":{"line":175,"column":28},"end":{"line":175,"column":56}},{"start":{"line":175,"column":56},"end":{"line":175,"column":null}}]},"14":{"loc":{"start":{"line":178,"column":19},"end":{"line":178,"column":null}},"type":"cond-expr","locations":[{"start":{"line":178,"column":51},"end":{"line":178,"column":68}},{"start":{"line":178,"column":68},"end":{"line":178,"column":null}}]},"15":{"loc":{"start":{"line":178,"column":19},"end":{"line":178,"column":51}},"type":"binary-expr","locations":[{"start":{"line":178,"column":19},"end":{"line":178,"column":35}},{"start":{"line":178,"column":35},"end":{"line":178,"column":51}}]},"16":{"loc":{"start":{"line":214,"column":13},"end":{"line":214,"column":null}},"type":"binary-expr","locations":[{"start":{"line":214,"column":13},"end":{"line":214,"column":null}}]},"17":{"loc":{"start":{"line":223,"column":26},"end":{"line":223,"column":null}},"type":"binary-expr","locations":[{"start":{"line":223,"column":26},"end":{"line":223,"column":42}},{"start":{"line":223,"column":42},"end":{"line":223,"column":null}}]},"18":{"loc":{"start":{"line":226,"column":17},"end":{"line":226,"column":null}},"type":"cond-expr","locations":[{"start":{"line":226,"column":50},"end":{"line":226,"column":67}},{"start":{"line":226,"column":67},"end":{"line":226,"column":null}}]},"19":{"loc":{"start":{"line":226,"column":17},"end":{"line":226,"column":50}},"type":"binary-expr","locations":[{"start":{"line":226,"column":17},"end":{"line":226,"column":33}},{"start":{"line":226,"column":33},"end":{"line":226,"column":50}}]}},"s":{"0":13,"1":1,"2":26,"3":26,"4":26,"5":26,"6":26,"7":1,"8":25,"9":3,"10":3,"11":25,"12":3,"13":3,"14":3,"15":1,"16":1,"17":2,"18":2,"19":2,"20":1,"21":1,"22":0,"23":1,"24":1,"25":0,"26":1,"27":25,"28":4,"29":4,"30":4,"31":4,"32":4,"33":3,"34":3,"35":1,"36":2,"37":2,"38":1,"39":3,"40":3,"41":25,"42":4,"43":4,"44":4,"45":4,"46":3},"f":{"0":26,"1":3,"2":3,"3":4,"4":4,"5":3},"b":{"0":[13],"1":[1,25],"2":[26,25],"3":[1,2],"4":[3,3],"5":[0,2],"6":[0,1],"7":[0,0],"8":[0,0],"9":[1,2],"10":[1,0],"11":[1,0],"12":[12,13],"13":[25,12],"14":[4,21],"15":[25,6],"16":[25],"17":[25,19],"18":[2,23],"19":[25,6]}}
,"R:\\Dropbox\\_Code\\Projects\\bearing\\bearing-app\\src\\components\\admin\\RejectRequestModal.tsx": {"path":"R:\\Dropbox\\_Code\\Projects\\bearing\\bearing-app\\src\\components\\admin\\RejectRequestModal.tsx","statementMap":{"0":{"start":{"line":14,"column":24},"end":{"line":14,"column":43}},"1":{"start":{"line":3,"column":25},"end":{"line":3,"column":null}},"2":{"start":{"line":5,"column":45},"end":{"line":5,"column":null}},"3":{"start":{"line":20,"column":30},"end":{"line":20,"column":null}},"4":{"start":{"line":21,"column":46},"end":{"line":21,"column":null}},"5":{"start":{"line":22,"column":42},"end":{"line":22,"column":null}},"6":{"start":{"line":23,"column":28},"end":{"line":23,"column":null}},"7":{"start":{"line":25,"column":2},"end":{"line":25,"column":null}},"8":{"start":{"line":25,"column":27},"end":{"line":25,"column":null}},"9":{"start":{"line":27,"column":23},"end":{"line":58,"column":null}},"10":{"start":{"line":28,"column":4},"end":{"line":28,"column":null}},"11":{"start":{"line":29,"column":4},"end":{"line":29,"column":null}},"12":{"start":{"line":30,"column":4},"end":{"line":30,"column":null}},"13":{"start":{"line":32,"column":4},"end":{"line":57,"column":null}},"14":{"start":{"line":33,"column":23},"end":{"line":43,"column":null}},"15":{"start":{"line":45,"column":19},"end":{"line":45,"column":null}},"16":{"start":{"line":47,"column":6},"end":{"line":49,"column":null}},"17":{"start":{"line":48,"column":8},"end":{"line":48,"column":null}},"18":{"start":{"line":51,"column":6},"end":{"line":51,"column":null}},"19":{"start":{"line":52,"column":6},"end":{"line":52,"column":null}},"20":{"start":{"line":54,"column":6},"end":{"line":54,"column":null}},"21":{"start":{"line":56,"column":6},"end":{"line":56,"column":null}},"22":{"start":{"line":60,"column":22},"end":{"line":65,"column":null}},"23":{"start":{"line":61,"column":4},"end":{"line":61,"column":null}},"24":{"start":{"line":62,"column":4},"end":{"line":62,"column":null}},"25":{"start":{"line":63,"column":4},"end":{"line":63,"column":null}},"26":{"start":{"line":64,"column":4},"end":{"line":64,"column":null}},"27":{"start":{"line":123,"column":33},"end":{"line":123,"column":null}},"28":{"start":{"line":138,"column":33},"end":{"line":138,"column":null}}},"fnMap":{"0":{"name":"RejectRequestModal","decl":{"start":{"line":14,"column":24},"end":{"line":14,"column":43}},"loc":{"start":{"line":19,"column":26},"end":{"line":178,"column":null}}},"1":{"name":"(anonymous_2)","decl":{"start":{"line":27,"column":23},"end":{"line":27,"column":30}},"loc":{"start":{"line":27,"column":30},"end":{"line":58,"column":null}}},"2":{"name":"(anonymous_3)","decl":{"start":{"line":60,"column":22},"end":{"line":60,"column":null}},"loc":{"start":{"line":60,"column":22},"end":{"line":65,"column":null}}},"3":{"name":"(anonymous_4)","decl":{"start":{"line":123,"column":26},"end":{"line":123,"column":27}},"loc":{"start":{"line":123,"column":33},"end":{"line":123,"column":null}}},"4":{"name":"(anonymous_5)","decl":{"start":{"line":138,"column":26},"end":{"line":138,"column":27}},"loc":{"start":{"line":138,"column":33},"end":{"line":138,"column":null}}}},"branchMap":{"0":{"loc":{"start":{"line":25,"column":2},"end":{"line":25,"column":null}},"type":"if","locations":[{"start":{"line":25,"column":2},"end":{"line":25,"column":null}},{"start":{},"end":{}}]},"1":{"loc":{"start":{"line":25,"column":6},"end":{"line":25,"column":27}},"type":"binary-expr","locations":[{"start":{"line":25,"column":6},"end":{"line":25,"column":17}},{"start":{"line":25,"column":17},"end":{"line":25,"column":27}}]},"2":{"loc":{"start":{"line":47,"column":6},"end":{"line":49,"column":null}},"type":"if","locations":[{"start":{"line":47,"column":6},"end":{"line":49,"column":null}},{"start":{},"end":{}}]},"3":{"loc":{"start":{"line":48,"column":24},"end":{"line":48,"column":null}},"type":"binary-expr","locations":[{"start":{"line":48,"column":24},"end":{"line":48,"column":34}},{"start":{"line":48,"column":38},"end":{"line":48,"column":null}}]},"4":{"loc":{"start":{"line":54,"column":15},"end":{"line":54,"column":null}},"type":"cond-expr","locations":[{"start":{"line":54,"column":38},"end":{"line":54,"column":49}},{"start":{"line":54,"column":52},"end":{"line":54,"column":null}}]},"5":{"loc":{"start":{"line":150,"column":13},"end":{"line":150,"column":null}},"type":"binary-expr","locations":[{"start":{"line":150,"column":13},"end":{"line":150,"column":null}}]},"6":{"loc":{"start":{"line":159,"column":26},"end":{"line":159,"column":null}},"type":"binary-expr","locations":[{"start":{"line":159,"column":26},"end":{"line":159,"column":42}},{"start":{"line":159,"column":42},"end":{"line":159,"column":null}}]},"7":{"loc":{"start":{"line":162,"column":17},"end":{"line":162,"column":null}},"type":"cond-expr","locations":[{"start":{"line":162,"column":32},"end":{"line":162,"column":49}},{"start":{"line":162,"column":49},"end":{"line":162,"column":null}}]}},"s":{"0":13,"1":1,"2":1,"3":26,"4":26,"5":26,"6":26,"7":26,"8":2,"9":24,"10":4,"11":4,"12":4,"13":4,"14":4,"15":3,"16":3,"17":1,"18":2,"19":2,"20":1,"21":3,"22":24,"23":3,"24":3,"25":3,"26":3,"27":5,"28":2},"f":{"0":26,"1":4,"2":3,"3":5,"4":2},"b":{"0":[2,24],"1":[26,25],"2":[1,2],"3":[1,0],"4":[1,0],"5":[24],"6":[24,20],"7":[4,20]}}
,"R:\\Dropbox\\_Code\\Projects\\bearing\\bearing-app\\src\\lib\\email.ts": {"path":"R:\\Dropbox\\_Code\\Projects\\bearing\\bearing-app\\src\\lib\\email.ts","statementMap":{"0":{"start":{"line":113,"column":22},"end":{"line":113,"column":39}},"1":{"start":{"line":51,"column":22},"end":{"line":51,"column":44}},"2":{"start":{"line":197,"column":22},"end":{"line":197,"column":null}},"3":{"start":{"line":142,"column":22},"end":{"line":142,"column":null}},"4":{"start":{"line":81,"column":22},"end":{"line":81,"column":38}},"5":{"start":{"line":20,"column":22},"end":{"line":20,"column":32}},"6":{"start":{"line":2,"column":23},"end":{"line":2,"column":null}},"7":{"start":{"line":4,"column":15},"end":{"line":4,"column":null}},"8":{"start":{"line":5,"column":19},"end":{"line":5,"column":null}},"9":{"start":{"line":6,"column":16},"end":{"line":6,"column":null}},"10":{"start":{"line":12,"column":2},"end":{"line":17,"column":null}},"11":{"start":{"line":21,"column":2},"end":{"line":24,"column":null}},"12":{"start":{"line":22,"column":4},"end":{"line":22,"column":null}},"13":{"start":{"line":23,"column":4},"end":{"line":23,"column":null}},"14":{"start":{"line":26,"column":2},"end":{"line":44,"column":null}},"15":{"start":{"line":27,"column":28},"end":{"line":33,"column":null}},"16":{"start":{"line":35,"column":4},"end":{"line":38,"column":null}},"17":{"start":{"line":36,"column":6},"end":{"line":36,"column":null}},"18":{"start":{"line":37,"column":6},"end":{"line":37,"column":null}},"19":{"start":{"line":40,"column":4},"end":{"line":40,"column":null}},"20":{"start":{"line":42,"column":4},"end":{"line":42,"column":null}},"21":{"start":{"line":43,"column":4},"end":{"line":43,"column":null}},"22":{"start":{"line":52,"column":23},"end":{"line":52,"column":null}},"23":{"start":{"line":53,"column":22},"end":{"line":53,"column":70}},"24":{"start":{"line":56,"column":24},"end":{"line":56,"column":null}},"25":{"start":{"line":57,"column":26},"end":{"line":57,"column":null}},"26":{"start":{"line":59,"column":19},"end":{"line":68,"column":null}},"27":{"start":{"line":70,"column":4},"end":{"line":72,"column":null}},"28":{"start":{"line":71,"column":8},"end":{"line":71,"column":null}},"29":{"start":{"line":74,"column":4},"end":{"line":74,"column":null}},"30":{"start":{"line":82,"column":22},"end":{"line":82,"column":64}},"31":{"start":{"line":83,"column":20},"end":{"line":83,"column":null}},"32":{"start":{"line":86,"column":24},"end":{"line":86,"column":null}},"33":{"start":{"line":87,"column":24},"end":{"line":87,"column":null}},"34":{"start":{"line":89,"column":19},"end":{"line":100,"column":null}},"35":{"start":{"line":102,"column":4},"end":{"line":104,"column":null}},"36":{"start":{"line":103,"column":8},"end":{"line":103,"column":null}},"37":{"start":{"line":106,"column":4},"end":{"line":106,"column":null}},"38":{"start":{"line":114,"column":24},"end":{"line":114,"column":null}},"39":{"start":{"line":115,"column":23},"end":{"line":115,"column":71}},"40":{"start":{"line":118,"column":25},"end":{"line":118,"column":null}},"41":{"start":{"line":119,"column":27},"end":{"line":119,"column":null}},"42":{"start":{"line":121,"column":20},"end":{"line":129,"column":null}},"43":{"start":{"line":131,"column":4},"end":{"line":133,"column":null}},"44":{"start":{"line":132,"column":8},"end":{"line":132,"column":null}},"45":{"start":{"line":135,"column":4},"end":{"line":135,"column":null}},"46":{"start":{"line":147,"column":22},"end":{"line":147,"column":51}},"47":{"start":{"line":148,"column":28},"end":{"line":148,"column":null}},"48":{"start":{"line":150,"column":26},"end":{"line":150,"column":null}},"49":{"start":{"line":151,"column":20},"end":{"line":153,"column":55}},"50":{"start":{"line":158,"column":4},"end":{"line":177,"column":null}},"51":{"start":{"line":159,"column":25},"end":{"line":159,"column":null}},"52":{"start":{"line":160,"column":8},"end":{"line":160,"column":null}},"53":{"start":{"line":161,"column":8},"end":{"line":170,"column":null}},"54":{"start":{"line":172,"column":8},"end":{"line":172,"column":null}},"55":{"start":{"line":173,"column":8},"end":{"line":176,"column":null}},"56":{"start":{"line":179,"column":19},"end":{"line":184,"column":null}},"57":{"start":{"line":186,"column":4},"end":{"line":188,"column":null}},"58":{"start":{"line":187,"column":8},"end":{"line":187,"column":null}},"59":{"start":{"line":190,"column":4},"end":{"line":190,"column":null}},"60":{"start":{"line":203,"column":22},"end":{"line":203,"column":51}},"61":{"start":{"line":204,"column":28},"end":{"line":204,"column":null}},"62":{"start":{"line":205,"column":23},"end":{"line":205,"column":null}},"63":{"start":{"line":207,"column":23},"end":{"line":209,"column":null}},"64":{"start":{"line":211,"column":19},"end":{"line":224,"column":null}},"65":{"start":{"line":226,"column":4},"end":{"line":228,"column":null}},"66":{"start":{"line":227,"column":8},"end":{"line":227,"column":null}},"67":{"start":{"line":230,"column":4},"end":{"line":230,"column":null}}},"fnMap":{"0":{"name":"escapeHtml","decl":{"start":{"line":11,"column":9},"end":{"line":11,"column":20}},"loc":{"start":{"line":11,"column":34},"end":{"line":18,"column":null}}},"1":{"name":"sendEmail","decl":{"start":{"line":20,"column":22},"end":{"line":20,"column":32}},"loc":{"start":{"line":20,"column":121},"end":{"line":45,"column":null}}},"2":{"name":"notifyAdminsNewTicket","decl":{"start":{"line":51,"column":22},"end":{"line":51,"column":44}},"loc":{"start":{"line":51,"column":96},"end":{"line":75,"column":null}}},"3":{"name":"notifyUserReply","decl":{"start":{"line":81,"column":22},"end":{"line":81,"column":38}},"loc":{"start":{"line":81,"column":112},"end":{"line":107,"column":null}}},"4":{"name":"notifyAdminReply","decl":{"start":{"line":113,"column":22},"end":{"line":113,"column":39}},"loc":{"start":{"line":113,"column":91},"end":{"line":136,"column":null}}},"5":{"name":"notifyServiceFulfilled","decl":{"start":{"line":142,"column":22},"end":{"line":142,"column":null}},"loc":{"start":{"line":145,"column":17},"end":{"line":191,"column":null}}},"6":{"name":"notifyServiceCancelled","decl":{"start":{"line":197,"column":22},"end":{"line":197,"column":null}},"loc":{"start":{"line":201,"column":28},"end":{"line":231,"column":null}}}},"branchMap":{"0":{"loc":{"start":{"line":4,"column":15},"end":{"line":4,"column":null}},"type":"cond-expr","locations":[{"start":{"line":4,"column":44},"end":{"line":4,"column":85}},{"start":{"line":4,"column":85},"end":{"line":4,"column":null}}]},"1":{"loc":{"start":{"line":5,"column":19},"end":{"line":5,"column":null}},"type":"binary-expr","locations":[{"start":{"line":5,"column":19},"end":{"line":5,"column":41}},{"start":{"line":5,"column":45},"end":{"line":5,"column":null}}]},"2":{"loc":{"start":{"line":6,"column":16},"end":{"line":6,"column":null}},"type":"binary-expr","locations":[{"start":{"line":6,"column":16},"end":{"line":6,"column":47}},{"start":{"line":6,"column":51},"end":{"line":6,"column":null}}]},"3":{"loc":{"start":{"line":21,"column":2},"end":{"line":24,"column":null}},"type":"if","locations":[{"start":{"line":21,"column":2},"end":{"line":24,"column":null}},{"start":{},"end":{}}]},"4":{"loc":{"start":{"line":32,"column":12},"end":{"line":32,"column":null}},"type":"binary-expr","locations":[{"start":{"line":32,"column":12},"end":{"line":32,"column":20}},{"start":{"line":32,"column":20},"end":{"line":32,"column":null}}]},"5":{"loc":{"start":{"line":35,"column":4},"end":{"line":38,"column":null}},"type":"if","locations":[{"start":{"line":35,"column":4},"end":{"line":38,"column":null}},{"start":{},"end":{}}]},"6":{"loc":{"start":{"line":52,"column":23},"end":{"line":52,"column":null}},"type":"binary-expr","locations":[{"start":{"line":52,"column":23},"end":{"line":52,"column":46}},{"start":{"line":52,"column":50},"end":{"line":52,"column":null}}]},"7":{"loc":{"start":{"line":70,"column":4},"end":{"line":72,"column":null}},"type":"if","locations":[{"start":{"line":70,"column":4},"end":{"line":72,"column":null}},{"start":{},"end":{}}]},"8":{"loc":{"start":{"line":83,"column":20},"end":{"line":83,"column":null}},"type":"cond-expr","locations":[{"start":{"line":83,"column":48},"end":{"line":83,"column":89}},{"start":{"line":83,"column":89},"end":{"line":83,"column":null}}]},"9":{"loc":{"start":{"line":102,"column":4},"end":{"line":104,"column":null}},"type":"if","locations":[{"start":{"line":102,"column":4},"end":{"line":104,"column":null}},{"start":{},"end":{}}]},"10":{"loc":{"start":{"line":114,"column":24},"end":{"line":114,"column":null}},"type":"binary-expr","locations":[{"start":{"line":114,"column":24},"end":{"line":114,"column":47}},{"start":{"line":114,"column":51},"end":{"line":114,"column":null}}]},"11":{"loc":{"start":{"line":131,"column":4},"end":{"line":133,"column":null}},"type":"if","locations":[{"start":{"line":131,"column":4},"end":{"line":133,"column":null}},{"start":{},"end":{}}]},"12":{"loc":{"start":{"line":151,"column":20},"end":{"line":153,"column":55}},"type":"cond-expr","locations":[{"start":{"line":152,"column":10},"end":{"line":152,"column":null}},{"start":{"line":153,"column":10},"end":{"line":153,"column":55}}]},"13":{"loc":{"start":{"line":158,"column":4},"end":{"line":177,"column":null}},"type":"if","locations":[{"start":{"line":158,"column":4},"end":{"line":177,"column":null}},{"start":{"line":171,"column":11},"end":{"line":177,"column":null}}]},"14":{"loc":{"start":{"line":158,"column":8},"end":{"line":158,"column":31}},"type":"binary-expr","locations":[{"start":{"line":158,"column":8},"end":{"line":158,"column":25}},{"start":{"line":158,"column":25},"end":{"line":158,"column":31}}]},"15":{"loc":{"start":{"line":186,"column":4},"end":{"line":188,"column":null}},"type":"if","locations":[{"start":{"line":186,"column":4},"end":{"line":188,"column":null}},{"start":{},"end":{}}]},"16":{"loc":{"start":{"line":207,"column":23},"end":{"line":209,"column":null}},"type":"cond-expr","locations":[{"start":{"line":208,"column":10},"end":{"line":208,"column":null}},{"start":{"line":209,"column":10},"end":{"line":209,"column":null}}]},"17":{"loc":{"start":{"line":226,"column":4},"end":{"line":228,"column":null}},"type":"if","locations":[{"start":{"line":226,"column":4},"end":{"line":228,"column":null}},{"start":{},"end":{}}]}},"s":{"0":1,"1":1,"2":2,"3":2,"4":2,"5":2,"6":10,"7":10,"8":10,"9":10,"10":15,"11":10,"12":10,"13":10,"14":0,"15":0,"16":0,"17":0,"18":0,"19":0,"20":0,"21":0,"22":1,"23":1,"24":1,"25":1,"26":1,"27":1,"28":0,"29":1,"30":2,"31":2,"32":2,"33":2,"34":2,"35":2,"36":0,"37":2,"38":1,"39":1,"40":1,"41":1,"42":1,"43":1,"44":0,"45":1,"46":2,"47":2,"48":2,"49":2,"50":2,"51":1,"52":1,"53":1,"54":1,"55":1,"56":2,"57":2,"58":0,"59":2,"60":2,"61":2,"62":2,"63":2,"64":2,"65":2,"66":0,"67":2},"f":{"0":15,"1":10,"2":1,"3":2,"4":1,"5":2,"6":2},"b":{"0":[0,10],"1":[10,10],"2":[10,8],"3":[10,0],"4":[0,0],"5":[0,0],"6":[1,0],"7":[0,1],"8":[1,1],"9":[0,2],"10":[1,0],"11":[0,1],"12":[1,1],"13":[1,1],"14":[2,1],"15":[0,2],"16":[1,1],"17":[0,2]}}
,"R:\\Dropbox\\_Code\\Projects\\bearing\\bearing-app\\src\\lib\\marketplace-utils.ts": {"path":"R:\\Dropbox\\_Code\\Projects\\bearing\\bearing-app\\src\\lib\\marketplace-utils.ts","statementMap":{"0":{"start":{"line":19,"column":13},"end":{"line":19,"column":55}},"1":{"start":{"line":7,"column":13},"end":{"line":7,"column":59}},"2":{"start":{"line":31,"column":13},"end":{"line":31,"column":83}},"3":{"start":{"line":40,"column":16},"end":{"line":40,"column":28}},"4":{"start":{"line":52,"column":16},"end":{"line":52,"column":33}},"5":{"start":{"line":44,"column":16},"end":{"line":44,"column":32}},"6":{"start":{"line":48,"column":16},"end":{"line":48,"column":32}},"7":{"start":{"line":7,"column":59},"end":{"line":16,"column":null}},"8":{"start":{"line":19,"column":55},"end":{"line":28,"column":null}},"9":{"start":{"line":31,"column":83},"end":{"line":38,"column":null}},"10":{"start":{"line":41,"column":2},"end":{"line":41,"column":null}},"11":{"start":{"line":45,"column":2},"end":{"line":45,"column":null}},"12":{"start":{"line":49,"column":2},"end":{"line":49,"column":null}},"13":{"start":{"line":53,"column":2},"end":{"line":53,"column":null}}},"fnMap":{"0":{"name":"formatCents","decl":{"start":{"line":40,"column":16},"end":{"line":40,"column":28}},"loc":{"start":{"line":40,"column":41},"end":{"line":42,"column":null}}},"1":{"name":"getServiceLabel","decl":{"start":{"line":44,"column":16},"end":{"line":44,"column":32}},"loc":{"start":{"line":44,"column":51},"end":{"line":46,"column":null}}},"2":{"name":"getStatusConfig","decl":{"start":{"line":48,"column":16},"end":{"line":48,"column":32}},"loc":{"start":{"line":48,"column":46},"end":{"line":50,"column":null}}},"3":{"name":"getEstimatedTime","decl":{"start":{"line":52,"column":16},"end":{"line":52,"column":33}},"loc":{"start":{"line":52,"column":52},"end":{"line":54,"column":null}}}},"branchMap":{"0":{"loc":{"start":{"line":45,"column":9},"end":{"line":45,"column":null}},"type":"binary-expr","locations":[{"start":{"line":45,"column":9},"end":{"line":45,"column":41}},{"start":{"line":45,"column":45},"end":{"line":45,"column":null}}]},"1":{"loc":{"start":{"line":49,"column":9},"end":{"line":49,"column":null}},"type":"binary-expr","locations":[{"start":{"line":49,"column":9},"end":{"line":49,"column":30}},{"start":{"line":49,"column":34},"end":{"line":49,"column":null}}]},"2":{"loc":{"start":{"line":53,"column":9},"end":{"line":53,"column":null}},"type":"binary-expr","locations":[{"start":{"line":53,"column":9},"end":{"line":53,"column":37}},{"start":{"line":53,"column":41},"end":{"line":53,"column":null}}]}},"s":{"0":0,"1":0,"2":0,"3":56,"4":0,"5":32,"6":0,"7":2,"8":2,"9":2,"10":56,"11":32,"12":0,"13":0},"f":{"0":56,"1":32,"2":0,"3":0},"b":{"0":[32,0],"1":[0,0],"2":[0,0]}}
}
