TN:
SF:src\components\admin\FulfillmentQueue.tsx
FN:19,FulfillmentQueue
FN:83,(anonymous_2)
FN:116,(anonymous_3)
FN:122,(anonymous_4)
FNF:4
FNH:4
FNDA:6,FulfillmentQueue
FNDA:8,(anonymous_2)
FNDA:1,(anonymous_3)
FNDA:1,(anonymous_4)
DA:3,1
DA:4,1
DA:19,6
DA:25,6
DA:34,5
DA:84,8
DA:116,1
DA:122,1
LF:8
LH:8
BRDA:23,0,0,5
BRDA:25,1,0,1
BRDA:25,1,1,5
BRDA:34,2,0,1
BRDA:34,2,1,4
BRDA:88,3,0,8
BRDA:88,3,1,0
BRF:7
BRH:6
end_of_record
TN:
SF:src\components\admin\ISBNAssignmentModal.tsx
FN:14,ISBNAssignmentModal
FN:28,(anonymous_2)
FN:35,(anonymous_3)
FN:75,(anonymous_4)
FN:108,(anonymous_5)
FN:204,(anonymous_6)
FNF:6
FNH:6
FNDA:26,ISBNAssignmentModal
FNDA:3,(anonymous_2)
FNDA:3,(anonymous_3)
FNDA:4,(anonymous_4)
FNDA:4,(anonymous_5)
FNDA:3,(anonymous_6)
DA:3,1
DA:14,13
DA:21,26
DA:22,26
DA:23,26
DA:24,26
DA:26,26
DA:28,25
DA:30,3
DA:32,3
DA:35,25
DA:36,3
DA:37,3
DA:40,3
DA:41,1
DA:42,1
DA:45,2
DA:47,2
DA:48,2
DA:60,1
DA:62,1
DA:63,0
DA:66,1
DA:67,1
DA:69,0
DA:71,1
DA:75,25
DA:76,4
DA:77,4
DA:78,4
DA:80,4
DA:81,4
DA:92,3
DA:94,3
DA:95,1
DA:98,2
DA:99,2
DA:101,1
DA:103,3
DA:104,3
DA:108,25
DA:109,4
DA:110,4
DA:111,4
DA:112,4
DA:204,3
LF:46
LH:44
BRDA:19,0,0,13
BRDA:26,1,0,1
BRDA:26,1,1,25
BRDA:26,2,0,26
BRDA:26,2,1,25
BRDA:40,3,0,1
BRDA:40,3,1,2
BRDA:40,4,0,3
BRDA:40,4,1,3
BRDA:55,5,0,0
BRDA:55,5,1,2
BRDA:62,6,0,0
BRDA:62,6,1,1
BRDA:63,7,0,0
BRDA:63,7,1,0
BRDA:69,8,0,0
BRDA:69,8,1,0
BRDA:94,9,0,1
BRDA:94,9,1,2
BRDA:95,10,0,1
BRDA:95,10,1,0
BRDA:101,11,0,1
BRDA:101,11,1,0
BRDA:167,12,0,12
BRDA:167,12,1,13
BRDA:175,13,0,25
BRDA:175,13,1,12
BRDA:178,14,0,4
BRDA:178,14,1,21
BRDA:178,15,0,25
BRDA:178,15,1,6
BRDA:214,16,0,25
BRDA:223,17,0,25
BRDA:223,17,1,19
BRDA:226,18,0,2
BRDA:226,18,1,23
BRDA:226,19,0,25
BRDA:226,19,1,6
BRF:38
BRH:30
end_of_record
TN:
SF:src\components\admin\RejectRequestModal.tsx
FN:14,RejectRequestModal
FN:27,(anonymous_2)
FN:60,(anonymous_3)
FN:123,(anonymous_4)
FN:138,(anonymous_5)
FNF:5
FNH:5
FNDA:26,RejectRequestModal
FNDA:4,(anonymous_2)
FNDA:3,(anonymous_3)
FNDA:5,(anonymous_4)
FNDA:2,(anonymous_5)
DA:3,1
DA:5,1
DA:14,13
DA:20,26
DA:21,26
DA:22,26
DA:23,26
DA:25,26
DA:27,24
DA:28,4
DA:29,4
DA:30,4
DA:32,4
DA:33,4
DA:45,3
DA:47,3
DA:48,1
DA:51,2
DA:52,2
DA:54,1
DA:56,3
DA:60,24
DA:61,3
DA:62,3
DA:63,3
DA:64,3
DA:123,5
DA:138,2
LF:28
LH:28
BRDA:25,0,0,2
BRDA:25,0,1,24
BRDA:25,1,0,26
BRDA:25,1,1,25
BRDA:47,2,0,1
BRDA:47,2,1,2
BRDA:48,3,0,1
BRDA:48,3,1,0
BRDA:54,4,0,1
BRDA:54,4,1,0
BRDA:150,5,0,24
BRDA:159,6,0,24
BRDA:159,6,1,20
BRDA:162,7,0,4
BRDA:162,7,1,20
BRF:15
BRH:13
end_of_record
TN:
SF:src\lib\email.ts
FN:11,escapeHtml
FN:20,sendEmail
FN:51,notifyAdminsNewTicket
FN:81,notifyUserReply
FN:113,notifyAdminReply
FN:142,notifyServiceFulfilled
FN:197,notifyServiceCancelled
FNF:7
FNH:7
FNDA:15,escapeHtml
FNDA:10,sendEmail
FNDA:1,notifyAdminsNewTicket
FNDA:2,notifyUserReply
FNDA:1,notifyAdminReply
FNDA:2,notifyServiceFulfilled
FNDA:2,notifyServiceCancelled
DA:2,10
DA:4,10
DA:5,10
DA:6,10
DA:12,15
DA:20,2
DA:21,10
DA:22,10
DA:23,10
DA:26,0
DA:27,0
DA:35,0
DA:36,0
DA:37,0
DA:40,0
DA:42,0
DA:43,0
DA:51,1
DA:52,1
DA:53,1
DA:56,1
DA:57,1
DA:59,1
DA:70,1
DA:71,0
DA:74,1
DA:81,2
DA:82,2
DA:83,2
DA:86,2
DA:87,2
DA:89,2
DA:102,2
DA:103,0
DA:106,2
DA:113,1
DA:114,1
DA:115,1
DA:118,1
DA:119,1
DA:121,1
DA:131,1
DA:132,0
DA:135,1
DA:142,2
DA:147,2
DA:148,2
DA:150,2
DA:151,2
DA:158,2
DA:159,1
DA:160,1
DA:161,1
DA:172,1
DA:173,1
DA:179,2
DA:186,2
DA:187,0
DA:190,2
DA:197,2
DA:203,2
DA:204,2
DA:205,2
DA:207,2
DA:211,2
DA:226,2
DA:227,0
DA:230,2
LF:68
LH:55
BRDA:4,0,0,0
BRDA:4,0,1,10
BRDA:5,1,0,10
BRDA:5,1,1,10
BRDA:6,2,0,10
BRDA:6,2,1,8
BRDA:21,3,0,10
BRDA:21,3,1,0
BRDA:32,4,0,0
BRDA:32,4,1,0
BRDA:35,5,0,0
BRDA:35,5,1,0
BRDA:52,6,0,1
BRDA:52,6,1,0
BRDA:70,7,0,0
BRDA:70,7,1,1
BRDA:83,8,0,1
BRDA:83,8,1,1
BRDA:102,9,0,0
BRDA:102,9,1,2
BRDA:114,10,0,1
BRDA:114,10,1,0
BRDA:131,11,0,0
BRDA:131,11,1,1
BRDA:151,12,0,1
BRDA:151,12,1,1
BRDA:158,13,0,1
BRDA:158,13,1,1
BRDA:158,14,0,2
BRDA:158,14,1,1
BRDA:186,15,0,0
BRDA:186,15,1,2
BRDA:207,16,0,1
BRDA:207,16,1,1
BRDA:226,17,0,0
BRDA:226,17,1,2
BRF:36
BRH:23
end_of_record
TN:
SF:src\lib\marketplace-utils.ts
FN:40,formatCents
FN:44,getServiceLabel
FN:48,getStatusConfig
FN:52,getEstimatedTime
FNF:4
FNH:2
FNDA:56,formatCents
FNDA:32,getServiceLabel
FNDA:0,getStatusConfig
FNDA:0,getEstimatedTime
DA:7,2
DA:19,2
DA:31,2
DA:40,56
DA:41,56
DA:44,32
DA:45,32
DA:48,0
DA:49,0
DA:52,0
DA:53,0
LF:11
LH:7
BRDA:45,0,0,32
BRDA:45,0,1,0
BRDA:49,1,0,0
BRDA:49,1,1,0
BRDA:53,2,0,0
BRDA:53,2,1,0
BRF:6
BRH:1
end_of_record
